Using pre-set license
Built from '2020.2/release' branch; Version is '2020.2.2f1 (068178b99f32) revision 426360'; Using compiler version '192528614'; Build Type 'Release'
OS: 'Windows 10 Enterprise; OS build 19042.985; Version 2009; 64bit' Language: 'en' Physical Memory: 16318 MB
BatchMode: 1, IsHumanControllingUs: 0, StartBugReporterOnCrash: 0, Is64bit: 1, IsPro: 0

 COMMAND LINE ARGUMENTS:
D:\games\unity\2020.2.2f1\Editor\Unity.exe
-adb2
-batchMode
-noUpm
-name
AssetImportWorker0
-projectPath
D:/github/endlessplatformer
-logFile
Logs/AssetImportWorker0.log
-srvPort
52981
Successfully changed project path to: D:/github/endlessplatformer
D:/github/endlessplatformer
Using Asset Import Pipeline V2.
Refreshing native plugins compatible for Editor in 32.73 ms, found 1 plugins.
Preloading 0 native plugins for Editor in 0.00 ms.
Initialize engine version: 2020.2.2f1 (068178b99f32)
[Subsystems] Discovering subsystems at path D:/games/unity/2020.2.2f1/Editor/Data/Resources/UnitySubsystems
[Subsystems] Discovering subsystems at path D:/github/endlessplatformer/Assets
GfxDevice: creating device client; threaded=0
Direct3D:
    Version:  Direct3D 11.0 [level 11.1]
    Renderer: NVIDIA GeForce RTX 2070 (ID=0x1f02)
    Vendor:   
    VRAM:     8031 MB
    Driver:   27.21.14.5671
Initialize mono
Mono path[0] = 'D:/games/unity/2020.2.2f1/Editor/Data/Managed'
Mono path[1] = 'D:/games/unity/2020.2.2f1/Editor/Data/MonoBleedingEdge/lib/mono/unityjit'
Mono config path = 'D:/games/unity/2020.2.2f1/Editor/Data/MonoBleedingEdge/etc'
Using monoOptions --debugger-agent=transport=dt_socket,embedding=1,server=y,suspend=n,address=127.0.0.1:56816
Begin MonoManager ReloadAssembly
Registering precompiled unity dll's ...
Register platform support module: D:/games/unity/2020.2.2f1/Editor/Data/PlaybackEngines/WindowsStandaloneSupport/UnityEditor.WindowsStandalone.Extensions.dll
Registered in 0.000677 seconds.
Native extension for WindowsStandalone target not found
Refreshing native plugins compatible for Editor in 32.67 ms, found 1 plugins.
Preloading 0 native plugins for Editor in 0.00 ms.
Invoked RoslynAnalysisRunner static constructor.
RoslynAnalysisRunner will not be running.
RoslynAnalysisRunner has terminated.
Mono: successfully reloaded assembly
- Completed reload, in  0.632 seconds
Platform modules already initialized, skipping
Registering precompiled user dll's ...
Registered in 0.000526 seconds.
Begin MonoManager ReloadAssembly
Native extension for WindowsStandalone target not found
Refreshing native plugins compatible for Editor in 33.16 ms, found 1 plugins.
Preloading 0 native plugins for Editor in 0.00 ms.
Invoked RoslynAnalysisRunner static constructor.
RoslynAnalysisRunner will not be running.
RoslynAnalysisRunner has terminated.
Mono: successfully reloaded assembly
- Completed reload, in  0.701 seconds
Platform modules already initialized, skipping
========================================================================
Worker process is ready to serve import requests
Launched and connected shader compiler UnityShaderCompiler.exe after 0.04 seconds
Refreshing native plugins compatible for Editor in 0.32 ms, found 1 plugins.
Preloading 0 native plugins for Editor in 0.00 ms.
Unloading 1863 Unused Serialized files (Serialized files now loaded: 0)
System memory in use before: 87.5 MB.
System memory in use after: 87.6 MB.

Unloading 19 unused Assets to reduce memory usage. Loaded Objects now: 2311.
Total: 2.531800 ms (FindLiveObjects: 0.685400 ms CreateObjectMapping: 0.137600 ms MarkObjects: 1.647500 ms  DeleteObjects: 0.060300 ms)

========================================================================
Received Import Request.
  path: Assets/Scripts/Scoresave.cs
  artifactKey: Guid(5c92e38560d0ce643824e37300780c66) Importer(815301076,1909f56bfc062723c751e8b465ee728b)
Start importing Assets/Scripts/Scoresave.cs using Guid(5c92e38560d0ce643824e37300780c66) Importer(815301076,1909f56bfc062723c751e8b465ee728b)  -> (artifact id: '83843b60dcfd833f82a6c3d2fbbd0214') in 0.027746 seconds
  Import took 0.042347 seconds .

========================================================================
Received Import Request.
  Time since last request: 91.509999 seconds.
  path: Assets/Scripts/Save.cs
  artifactKey: Guid(76c07e745d22dc34584fdc80dac793a7) Importer(815301076,1909f56bfc062723c751e8b465ee728b)
Start importing Assets/Scripts/Save.cs using Guid(76c07e745d22dc34584fdc80dac793a7) Importer(815301076,1909f56bfc062723c751e8b465ee728b)  -> (artifact id: '746712f3d3fe6910d0ea44c7a73a22b9') in 0.005249 seconds
  Import took 0.007635 seconds .

========================================================================
Received Import Request.
  Time since last request: 0.000378 seconds.
  path: Assets/Scripts/Save.cs
  artifactKey: Guid(76c07e745d22dc34584fdc80dac793a7) Importer(815301076,1909f56bfc062723c751e8b465ee728b)
Start importing Assets/Scripts/Save.cs using Guid(76c07e745d22dc34584fdc80dac793a7) Importer(815301076,1909f56bfc062723c751e8b465ee728b)  -> (artifact id: '746712f3d3fe6910d0ea44c7a73a22b9') in 0.001339 seconds
  Import took 0.004008 seconds .

========================================================================
Received Prepare
Registering precompiled user dll's ...
Registered in 0.000467 seconds.
Begin MonoManager ReloadAssembly
Native extension for WindowsStandalone target not found
Refreshing native plugins compatible for Editor in 0.30 ms, found 1 plugins.
Preloading 0 native plugins for Editor in 0.00 ms.
Invoked RoslynAnalysisRunner static constructor.
RoslynAnalysisRunner will not be running.
RoslynAnalysisRunner has terminated.
Mono: successfully reloaded assembly
- Completed reload, in  0.624 seconds
Platform modules already initialized, skipping
Refreshing native plugins compatible for Editor in 0.31 ms, found 1 plugins.
Preloading 0 native plugins for Editor in 0.00 ms.
Unloading 1842 Unused Serialized files (Serialized files now loaded: 0)
System memory in use before: 86.3 MB.
System memory in use after: 86.5 MB.

Unloading 8 unused Assets to reduce memory usage. Loaded Objects now: 2315.
Total: 1.487700 ms (FindLiveObjects: 0.155500 ms CreateObjectMapping: 0.054900 ms MarkObjects: 1.264700 ms  DeleteObjects: 0.011600 ms)

========================================================================
Received Prepare
Registering precompiled user dll's ...
Registered in 0.000535 seconds.
Begin MonoManager ReloadAssembly
Native extension for WindowsStandalone target not found
Refreshing native plugins compatible for Editor in 0.30 ms, found 1 plugins.
Preloading 0 native plugins for Editor in 0.00 ms.
Invoked RoslynAnalysisRunner static constructor.
RoslynAnalysisRunner will not be running.
RoslynAnalysisRunner has terminated.
Mono: successfully reloaded assembly
- Completed reload, in  0.603 seconds
Platform modules already initialized, skipping
Refreshing native plugins compatible for Editor in 0.30 ms, found 1 plugins.
Preloading 0 native plugins for Editor in 0.00 ms.
Unloading 1842 Unused Serialized files (Serialized files now loaded: 0)
System memory in use before: 86.5 MB.
System memory in use after: 86.6 MB.

Unloading 8 unused Assets to reduce memory usage. Loaded Objects now: 2318.
Total: 1.492800 ms (FindLiveObjects: 0.137000 ms CreateObjectMapping: 0.054500 ms MarkObjects: 1.290100 ms  DeleteObjects: 0.010600 ms)

========================================================================
Received Import Request.
  Time since last request: 235.084836 seconds.
  path: Assets/Scripts/Save.cs
  artifactKey: Guid(76c07e745d22dc34584fdc80dac793a7) Importer(815301076,1909f56bfc062723c751e8b465ee728b)
Start importing Assets/Scripts/Save.cs using Guid(76c07e745d22dc34584fdc80dac793a7) Importer(815301076,1909f56bfc062723c751e8b465ee728b)  -> (artifact id: '07d42320300d80d1effc3f094e753bd9') in 0.005344 seconds
  Import took 0.007492 seconds .

========================================================================
Received Import Request.
  Time since last request: 1.172837 seconds.
  path: Assets/Scripts/Scoresave.cs
  artifactKey: Guid(5c92e38560d0ce643824e37300780c66) Importer(815301076,1909f56bfc062723c751e8b465ee728b)
Start importing Assets/Scripts/Scoresave.cs using Guid(5c92e38560d0ce643824e37300780c66) Importer(815301076,1909f56bfc062723c751e8b465ee728b)  -> (artifact id: '60ca69cfc308a091868021901346cf3d') in 0.001250 seconds
  Import took 0.028227 seconds .

========================================================================
Received Import Request.
  Time since last request: 1641.581944 seconds.
  path: Assets/Scripts/Scoresave.cs
  artifactKey: Guid(5c92e38560d0ce643824e37300780c66) Importer(815301076,1909f56bfc062723c751e8b465ee728b)
Start importing Assets/Scripts/Scoresave.cs using Guid(5c92e38560d0ce643824e37300780c66) Importer(815301076,1909f56bfc062723c751e8b465ee728b)  -> (artifact id: '9b5756dbe98151bb73e1f527f902b17f') in 0.001433 seconds
  Import took 0.016274 seconds .

========================================================================
Received Prepare
Registering precompiled user dll's ...
Registered in 0.000558 seconds.
Begin MonoManager ReloadAssembly
Native extension for WindowsStandalone target not found
Refreshing native plugins compatible for Editor in 0.30 ms, found 1 plugins.
Preloading 0 native plugins for Editor in 0.00 ms.
Invoked RoslynAnalysisRunner static constructor.
RoslynAnalysisRunner will not be running.
RoslynAnalysisRunner has terminated.
Mono: successfully reloaded assembly
- Completed reload, in  0.593 seconds
Platform modules already initialized, skipping
Refreshing native plugins compatible for Editor in 0.31 ms, found 1 plugins.
Preloading 0 native plugins for Editor in 0.00 ms.
Unloading 1842 Unused Serialized files (Serialized files now loaded: 0)
System memory in use before: 86.7 MB.
System memory in use after: 86.8 MB.

Unloading 8 unused Assets to reduce memory usage. Loaded Objects now: 2321.
Total: 1.624600 ms (FindLiveObjects: 0.153400 ms CreateObjectMapping: 0.061500 ms MarkObjects: 1.372400 ms  DeleteObjects: 0.036500 ms)

========================================================================
Received Import Request.
  Time since last request: 1925.244433 seconds.
  path: Assets/Scenes/MenuScene.unity
  artifactKey: Guid(74b7ff01fa798174fbcaa2cfe3f8cd18) Importer(815301076,1909f56bfc062723c751e8b465ee728b)
Start importing Assets/Scenes/MenuScene.unity using Guid(74b7ff01fa798174fbcaa2cfe3f8cd18) Importer(815301076,1909f56bfc062723c751e8b465ee728b)  -> (artifact id: 'c6c3c4acad65e10eeec3270ff0905b87') in 0.010782 seconds
  Import took 0.013104 seconds .

========================================================================
Received Prepare
Registering precompiled user dll's ...
Registered in 0.000530 seconds.
Begin MonoManager ReloadAssembly
Native extension for WindowsStandalone target not found
Refreshing native plugins compatible for Editor in 0.31 ms, found 1 plugins.
Preloading 0 native plugins for Editor in 0.00 ms.
Invoked RoslynAnalysisRunner static constructor.
RoslynAnalysisRunner will not be running.
RoslynAnalysisRunner has terminated.
Mono: successfully reloaded assembly
- Completed reload, in  0.594 seconds
Platform modules already initialized, skipping
Refreshing native plugins compatible for Editor in 0.31 ms, found 1 plugins.
Preloading 0 native plugins for Editor in 0.00 ms.
Unloading 1842 Unused Serialized files (Serialized files now loaded: 0)
System memory in use before: 86.9 MB.
System memory in use after: 87.0 MB.

Unloading 8 unused Assets to reduce memory usage. Loaded Objects now: 2324.
Total: 1.600500 ms (FindLiveObjects: 0.149400 ms CreateObjectMapping: 0.054600 ms MarkObjects: 1.383800 ms  DeleteObjects: 0.012000 ms)

========================================================================
Received Import Request.
  Time since last request: 247.886372 seconds.
  path: Assets/Scenes/SampleScene.unity
  artifactKey: Guid(2cda990e2423bbf4892e6590ba056729) Importer(815301076,1909f56bfc062723c751e8b465ee728b)
Start importing Assets/Scenes/SampleScene.unity using Guid(2cda990e2423bbf4892e6590ba056729) Importer(815301076,1909f56bfc062723c751e8b465ee728b)  -> (artifact id: 'a81f2073cdd520129cf019004eb5aece') in 0.010670 seconds
  Import took 0.013008 seconds .

========================================================================
Received Prepare
Registering precompiled user dll's ...
Registered in 0.000567 seconds.
Begin MonoManager ReloadAssembly
Native extension for WindowsStandalone target not found
Refreshing native plugins compatible for Editor in 0.30 ms, found 1 plugins.
Preloading 0 native plugins for Editor in 0.00 ms.
Invoked RoslynAnalysisRunner static constructor.
RoslynAnalysisRunner will not be running.
RoslynAnalysisRunner has terminated.
Mono: successfully reloaded assembly
- Completed reload, in  0.586 seconds
Platform modules already initialized, skipping
Refreshing native plugins compatible for Editor in 0.30 ms, found 1 plugins.
Preloading 0 native plugins for Editor in 0.00 ms.
Unloading 1842 Unused Serialized files (Serialized files now loaded: 0)
System memory in use before: 87.0 MB.
System memory in use after: 87.1 MB.

Unloading 8 unused Assets to reduce memory usage. Loaded Objects now: 2327.
Total: 1.575000 ms (FindLiveObjects: 0.175900 ms CreateObjectMapping: 0.055700 ms MarkObjects: 1.331800 ms  DeleteObjects: 0.011000 ms)

========================================================================
Received Prepare
Registering precompiled user dll's ...
Registered in 0.000551 seconds.
Begin MonoManager ReloadAssembly
Native extension for WindowsStandalone target not found
Refreshing native plugins compatible for Editor in 0.31 ms, found 1 plugins.
Preloading 0 native plugins for Editor in 0.00 ms.
Invoked RoslynAnalysisRunner static constructor.
RoslynAnalysisRunner will not be running.
RoslynAnalysisRunner has terminated.
Mono: successfully reloaded assembly
- Completed reload, in  0.597 seconds
Platform modules already initialized, skipping
Refreshing native plugins compatible for Editor in 0.31 ms, found 1 plugins.
Preloading 0 native plugins for Editor in 0.00 ms.
Unloading 1842 Unused Serialized files (Serialized files now loaded: 0)
System memory in use before: 87.2 MB.
System memory in use after: 87.3 MB.

Unloading 8 unused Assets to reduce memory usage. Loaded Objects now: 2330.
Total: 1.646400 ms (FindLiveObjects: 0.184400 ms CreateObjectMapping: 0.075200 ms MarkObjects: 1.373300 ms  DeleteObjects: 0.012500 ms)

========================================================================
Received Prepare
Registering precompiled user dll's ...
Registered in 0.000443 seconds.
Begin MonoManager ReloadAssembly
Native extension for WindowsStandalone target not found
Refreshing native plugins compatible for Editor in 0.30 ms, found 1 plugins.
Preloading 0 native plugins for Editor in 0.00 ms.
Invoked RoslynAnalysisRunner static constructor.
RoslynAnalysisRunner will not be running.
RoslynAnalysisRunner has terminated.
Mono: successfully reloaded assembly
- Completed reload, in  0.585 seconds
Platform modules already initialized, skipping
Refreshing native plugins compatible for Editor in 0.35 ms, found 1 plugins.
Preloading 0 native plugins for Editor in 0.00 ms.
Unloading 1842 Unused Serialized files (Serialized files now loaded: 0)
System memory in use before: 87.2 MB.
System memory in use after: 87.3 MB.

Unloading 8 unused Assets to reduce memory usage. Loaded Objects now: 2333.
Total: 1.549400 ms (FindLiveObjects: 0.207400 ms CreateObjectMapping: 0.053400 ms MarkObjects: 1.277200 ms  DeleteObjects: 0.010700 ms)

========================================================================
Received Prepare
Registering precompiled user dll's ...
Registered in 0.000487 seconds.
Begin MonoManager ReloadAssembly
Native extension for WindowsStandalone target not found
Refreshing native plugins compatible for Editor in 0.30 ms, found 1 plugins.
Preloading 0 native plugins for Editor in 0.00 ms.
Invoked RoslynAnalysisRunner static constructor.
RoslynAnalysisRunner will not be running.
RoslynAnalysisRunner has terminated.
Mono: successfully reloaded assembly
- Completed reload, in  0.599 seconds
Platform modules already initialized, skipping
Refreshing native plugins compatible for Editor in 0.29 ms, found 1 plugins.
Preloading 0 native plugins for Editor in 0.00 ms.
Unloading 1842 Unused Serialized files (Serialized files now loaded: 0)
System memory in use before: 87.5 MB.
System memory in use after: 87.6 MB.

Unloading 8 unused Assets to reduce memory usage. Loaded Objects now: 2336.
Total: 1.553100 ms (FindLiveObjects: 0.165100 ms CreateObjectMapping: 0.062300 ms MarkObjects: 1.314100 ms  DeleteObjects: 0.010900 ms)

========================================================================
Received Prepare
Registering precompiled user dll's ...
Registered in 0.000637 seconds.
Begin MonoManager ReloadAssembly
Native extension for WindowsStandalone target not found
Refreshing native plugins compatible for Editor in 0.34 ms, found 1 plugins.
Preloading 0 native plugins for Editor in 0.00 ms.
Invoked RoslynAnalysisRunner static constructor.
RoslynAnalysisRunner will not be running.
RoslynAnalysisRunner has terminated.
Mono: successfully reloaded assembly
- Completed reload, in  0.650 seconds
Platform modules already initialized, skipping
Refreshing native plugins compatible for Editor in 0.33 ms, found 1 plugins.
Preloading 0 native plugins for Editor in 0.00 ms.
Unloading 1842 Unused Serialized files (Serialized files now loaded: 0)
System memory in use before: 87.6 MB.
System memory in use after: 87.7 MB.

Unloading 8 unused Assets to reduce memory usage. Loaded Objects now: 2339.
Total: 1.720900 ms (FindLiveObjects: 0.216100 ms CreateObjectMapping: 0.135200 ms MarkObjects: 1.356700 ms  DeleteObjects: 0.012200 ms)

========================================================================
Received Prepare
Registering precompiled user dll's ...
Registered in 0.000616 seconds.
Begin MonoManager ReloadAssembly
Native extension for WindowsStandalone target not found
Refreshing native plugins compatible for Editor in 0.31 ms, found 1 plugins.
Preloading 0 native plugins for Editor in 0.00 ms.
Invoked RoslynAnalysisRunner static constructor.
RoslynAnalysisRunner will not be running.
RoslynAnalysisRunner has terminated.
Mono: successfully reloaded assembly
- Completed reload, in  0.597 seconds
Platform modules already initialized, skipping
Refreshing native plugins compatible for Editor in 0.30 ms, found 1 plugins.
Preloading 0 native plugins for Editor in 0.00 ms.
Unloading 1842 Unused Serialized files (Serialized files now loaded: 0)
System memory in use before: 87.8 MB.
System memory in use after: 87.9 MB.

Unloading 8 unused Assets to reduce memory usage. Loaded Objects now: 2342.
Total: 1.704600 ms (FindLiveObjects: 0.241500 ms CreateObjectMapping: 0.065100 ms MarkObjects: 1.384700 ms  DeleteObjects: 0.012300 ms)

========================================================================
Received Prepare
Registering precompiled user dll's ...
Registered in 0.000593 seconds.
Begin MonoManager ReloadAssembly
Native extension for WindowsStandalone target not found
Refreshing native plugins compatible for Editor in 0.31 ms, found 1 plugins.
Preloading 0 native plugins for Editor in 0.00 ms.
Invoked RoslynAnalysisRunner static constructor.
RoslynAnalysisRunner will not be running.
RoslynAnalysisRunner has terminated.
Mono: successfully reloaded assembly
- Completed reload, in  0.665 seconds
Platform modules already initialized, skipping
Refreshing native plugins compatible for Editor in 0.42 ms, found 1 plugins.
Preloading 0 native plugins for Editor in 0.00 ms.
Unloading 1842 Unused Serialized files (Serialized files now loaded: 0)
System memory in use before: 87.9 MB.
System memory in use after: 88.0 MB.

Unloading 8 unused Assets to reduce memory usage. Loaded Objects now: 2345.
Total: 1.733300 ms (FindLiveObjects: 0.196600 ms CreateObjectMapping: 0.109100 ms MarkObjects: 1.408700 ms  DeleteObjects: 0.017800 ms)

AssetImportWorkerClient::OnTransportError - code=2 error=End of file
